<?xml version="1.0" encoding="UTF-8"?>
<!-- Generated by org.testng.reporters.JUnitReportReporter -->
<testsuite hostname="LAPTOP-DEVHP" failures="0" tests="1" name="testcases.LoginTest" time="14.605" errors="0" timestamp="2024-06-13T23:48:25 CEST" skipped="0">
  <testcase classname="testcases.LoginTest" name="verifyLogin" time="14.605"/>
</testsuite> <!-- testcases.LoginTest -->
